[INFO] Scanning for projects...
[INFO] 
[INFO] ----------------< com.floodrescue:flood-rescue-backend >----------------
[INFO] Building flood-rescue-backend 0.0.1-SNAPSHOT
[INFO]   from pom.xml
[INFO] --------------------------------[ jar ]---------------------------------
[INFO] 
[INFO] >>> spring-boot:3.5.10:run (default-cli) > test-compile @ flood-rescue-backend >>>
[INFO] 
[INFO] --- resources:3.3.1:resources (default-resources) @ flood-rescue-backend ---
[INFO] Copying 1 resource from src\main\resources to target\classes
[INFO] Copying 1 resource from src\main\resources to target\classes
[INFO] 
[INFO] --- compiler:3.14.1:compile (default-compile) @ flood-rescue-backend ---
[INFO] Nothing to compile - all classes are up to date.
[INFO] 
[INFO] --- resources:3.3.1:testResources (default-testResources) @ flood-rescue-backend ---
[INFO] skip non existing resourceDirectory C:\Users\Asus\Documents\Playground\flood-rescue-backend-PRM\src\test\resources
[INFO] 
[INFO] --- compiler:3.14.1:testCompile (default-testCompile) @ flood-rescue-backend ---
[INFO] Nothing to compile - all classes are up to date.
[INFO] 
[INFO] <<< spring-boot:3.5.10:run (default-cli) < test-compile @ flood-rescue-backend <<<
[INFO] 
[INFO] 
[INFO] --- spring-boot:3.5.10:run (default-cli) @ flood-rescue-backend ---
[INFO] Attaching agents: []

  .   ____          _            __ _ _
 /\\ / ___'_ __ _ _(_)_ __  __ _ \ \ \ \
( ( )\___ | '_ | '_| | '_ \/ _` | \ \ \ \
 \\/  ___)| |_)| | | | | || (_| |  ) ) ) )
  '  |____| .__|_| |_|_| |_\__, | / / / /
 =========|_|==============|___/=/_/_/_/

 :: Spring Boot ::               (v3.5.10)

2026-03-22T15:30:03.514+07:00  INFO 29740 --- [  restartedMain] c.f.FloodRescueBackendApplication        : Starting FloodRescueBackendApplication using Java 23.0.2 with PID 29740 (C:\Users\Asus\Documents\Playground\flood-rescue-backend-PRM\target\classes started by Asus in C:\Users\Asus\Documents\Playground\flood-rescue-backend-PRM)
2026-03-22T15:30:03.515+07:00  INFO 29740 --- [  restartedMain] c.f.FloodRescueBackendApplication        : No active profile set, falling back to 1 default profile: "default"
2026-03-22T15:30:03.594+07:00  INFO 29740 --- [  restartedMain] .e.DevToolsPropertyDefaultsPostProcessor : Devtools property defaults active! Set 'spring.devtools.add-properties' to 'false' to disable
2026-03-22T15:30:03.594+07:00  INFO 29740 --- [  restartedMain] .e.DevToolsPropertyDefaultsPostProcessor : For additional web related logging consider setting the 'logging.level.web' property to 'DEBUG'
2026-03-22T15:30:04.686+07:00  INFO 29740 --- [  restartedMain] .s.d.r.c.RepositoryConfigurationDelegate : Bootstrapping Spring Data JPA repositories in DEFAULT mode.
2026-03-22T15:30:04.870+07:00  INFO 29740 --- [  restartedMain] .s.d.r.c.RepositoryConfigurationDelegate : Finished Spring Data repository scanning in 173 ms. Found 23 JPA repository interfaces.
2026-03-22T15:30:05.612+07:00  INFO 29740 --- [  restartedMain] o.s.b.w.embedded.tomcat.TomcatWebServer  : Tomcat initialized with port 8081 (http)
2026-03-22T15:30:05.637+07:00  INFO 29740 --- [  restartedMain] o.apache.catalina.core.StandardService   : Starting service [Tomcat]
2026-03-22T15:30:05.638+07:00  INFO 29740 --- [  restartedMain] o.apache.catalina.core.StandardEngine    : Starting Servlet engine: [Apache Tomcat/10.1.50]
2026-03-22T15:30:05.677+07:00  INFO 29740 --- [  restartedMain] o.a.c.c.C.[Tomcat].[localhost].[/]       : Initializing Spring embedded WebApplicationContext
2026-03-22T15:30:05.678+07:00  INFO 29740 --- [  restartedMain] w.s.c.ServletWebServerApplicationContext : Root WebApplicationContext: initialization completed in 2082 ms
2026-03-22T15:30:05.832+07:00  INFO 29740 --- [  restartedMain] o.hibernate.jpa.internal.util.LogHelper  : HHH000204: Processing PersistenceUnitInfo [name: default]
2026-03-22T15:30:05.899+07:00  INFO 29740 --- [  restartedMain] org.hibernate.Version                    : HHH000412: Hibernate ORM core version 6.6.41.Final
2026-03-22T15:30:05.940+07:00  INFO 29740 --- [  restartedMain] o.h.c.internal.RegionFactoryInitiator    : HHH000026: Second-level cache disabled
2026-03-22T15:30:06.367+07:00  INFO 29740 --- [  restartedMain] o.s.o.j.p.SpringPersistenceUnitInfo      : No LoadTimeWeaver setup: ignoring JPA class transformer
2026-03-22T15:30:06.406+07:00  INFO 29740 --- [  restartedMain] com.zaxxer.hikari.HikariDataSource       : HikariPool-1 - Starting...
2026-03-22T15:30:06.604+07:00  INFO 29740 --- [  restartedMain] com.zaxxer.hikari.pool.HikariPool        : HikariPool-1 - Added connection com.mysql.cj.jdbc.ConnectionImpl@5761bc9d
2026-03-22T15:30:06.605+07:00  INFO 29740 --- [  restartedMain] com.zaxxer.hikari.HikariDataSource       : HikariPool-1 - Start completed.
2026-03-22T15:30:06.692+07:00  WARN 29740 --- [  restartedMain] org.hibernate.orm.deprecation            : HHH90000025: MySQLDialect does not need to be specified explicitly using 'hibernate.dialect' (remove the property setting and it will be selected by default)
2026-03-22T15:30:06.710+07:00  INFO 29740 --- [  restartedMain] org.hibernate.orm.connections.pooling    : HHH10001005: Database info:
	Database JDBC URL [Connecting through datasource 'HikariDataSource (HikariPool-1)']
	Database driver: undefined/unknown
	Database version: 8.0.43
	Autocommit mode: undefined/unknown
	Isolation level: undefined/unknown
	Minimum pool size: undefined/unknown
	Maximum pool size: undefined/unknown
2026-03-22T15:30:07.162+07:00  WARN 29740 --- [  restartedMain] org.hibernate.mapping.RootClass          : HHH000038: Composite-id class does not override equals(): com.floodrescue.module.rescue.entity.TaskGroupRequestEntity$TaskGroupRequestId
2026-03-22T15:30:07.163+07:00  WARN 29740 --- [  restartedMain] org.hibernate.mapping.RootClass          : HHH000039: Composite-id class does not override hashCode(): com.floodrescue.module.rescue.entity.TaskGroupRequestEntity$TaskGroupRequestId
2026-03-22T15:30:07.927+07:00  INFO 29740 --- [  restartedMain] o.h.e.t.j.p.i.JtaPlatformInitiator       : HHH000489: No JTA platform available (set 'hibernate.transaction.jta.platform' to enable JTA platform integration)
2026-03-22T15:30:07.931+07:00  INFO 29740 --- [  restartedMain] j.LocalContainerEntityManagerFactoryBean : Initialized JPA EntityManagerFactory for persistence unit 'default'
2026-03-22T15:30:08.162+07:00  INFO 29740 --- [  restartedMain] o.s.d.j.r.query.QueryEnhancerFactory     : Hibernate is in classpath; If applicable, HQL parser will be used.
2026-03-22T15:30:09.742+07:00  WARN 29740 --- [  restartedMain] JpaBaseConfiguration$JpaWebConfiguration : spring.jpa.open-in-view is enabled by default. Therefore, database queries may be performed during view rendering. Explicitly configure spring.jpa.open-in-view to disable this warning
2026-03-22T15:30:09.780+07:00  INFO 29740 --- [  restartedMain] r$InitializeUserDetailsManagerConfigurer : Global AuthenticationManager configured with UserDetailsService bean with name customUserDetailsService
2026-03-22T15:30:10.328+07:00  INFO 29740 --- [  restartedMain] o.s.b.d.a.OptionalLiveReloadServer       : LiveReload server is running on port 35729
2026-03-22T15:30:10.363+07:00  INFO 29740 --- [  restartedMain] o.s.b.w.embedded.tomcat.TomcatWebServer  : Tomcat started on port 8081 (http) with context path '/'
2026-03-22T15:30:10.368+07:00  INFO 29740 --- [  restartedMain] c.f.FloodRescueBackendApplication        : Started FloodRescueBackendApplication in 7.366 seconds (process running for 7.843)
2026-03-22T15:30:10.624+07:00  INFO 29740 --- [  restartedMain] c.f.c.schema.SchemaCompatibilityRunner   : [SchemaCompatibility] Schema alignment completed
Hibernate: 
    select
        re1_0.id,
        re1_0.code,
        re1_0.created_at,
        re1_0.name 
    from
        roles re1_0 
    where
        re1_0.code=?
Hibernate: 
    select
        re1_0.id,
        re1_0.code,
        re1_0.created_at,
        re1_0.name 
    from
        roles re1_0 
    where
        re1_0.code=?
Hibernate: 
    select
        re1_0.id,
        re1_0.code,
        re1_0.created_at,
        re1_0.name 
    from
        roles re1_0 
    where
        re1_0.code=?
Hibernate: 
    select
        re1_0.id,
        re1_0.code,
        re1_0.created_at,
        re1_0.name 
    from
        roles re1_0 
    where
        re1_0.code=?
Hibernate: 
    select
        re1_0.id,
        re1_0.code,
        re1_0.created_at,
        re1_0.name 
    from
        roles re1_0 
    where
        re1_0.code=?
Hibernate: 
    select
        ue1_0.id 
    from
        users ue1_0 
    where
        ue1_0.email=? 
    limit
        ?
Hibernate: 
    select
        ue1_0.id 
    from
        users ue1_0 
    where
        ue1_0.email=? 
    limit
        ?
Hibernate: 
    select
        ue1_0.id 
    from
        users ue1_0 
    where
        ue1_0.email=? 
    limit
        ?
Hibernate: 
    select
        re1_0.id,
        re1_0.code,
        re1_0.created_at,
        re1_0.name 
    from
        roles re1_0 
    where
        re1_0.code=?
Hibernate: 
    select
        te1_0.id,
        te1_0.code,
        te1_0.created_at,
        te1_0.current_latitude,
        te1_0.current_location_text,
        te1_0.current_location_updated_at,
        te1_0.current_longitude,
        te1_0.description,
        te1_0.name,
        te1_0.status,
        te1_0.team_type,
        te1_0.updated_at 
    from
        teams te1_0 
    where
        te1_0.name=?
Hibernate: 
    select
        te1_0.id,
        te1_0.code,
        te1_0.created_at,
        te1_0.current_latitude,
        te1_0.current_location_text,
        te1_0.current_location_updated_at,
        te1_0.current_longitude,
        te1_0.description,
        te1_0.name,
        te1_0.status,
        te1_0.team_type,
        te1_0.updated_at 
    from
        teams te1_0 
    where
        te1_0.name=?
Hibernate: 
    select
        ue1_0.id 
    from
        users ue1_0 
    where
        ue1_0.phone=? 
    limit
        ?
Hibernate: 
    select
        ue1_0.id 
    from
        users ue1_0 
    where
        ue1_0.phone=? 
    limit
        ?
2026-03-22T15:30:37.002+07:00  INFO 29740 --- [nio-8081-exec-1] o.a.c.c.C.[Tomcat].[localhost].[/]       : Initializing Spring DispatcherServlet 'dispatcherServlet'
2026-03-22T15:30:37.003+07:00  INFO 29740 --- [nio-8081-exec-1] o.s.web.servlet.DispatcherServlet        : Initializing Servlet 'dispatcherServlet'
2026-03-22T15:30:37.004+07:00  INFO 29740 --- [nio-8081-exec-1] o.s.web.servlet.DispatcherServlet        : Completed initialization in 1 ms
Hibernate: 
    select
        ue1_0.id,
        ue1_0.created_at,
        ue1_0.email,
        ue1_0.full_name,
        ue1_0.is_leader,
        ue1_0.last_login_at,
        ue1_0.password_hash,
        ue1_0.phone,
        ue1_0.rescue_request_blocked,
        ue1_0.rescue_request_blocked_reason,
        ue1_0.role_id,
        ue1_0.status,
        ue1_0.team_id,
        ue1_0.updated_at 
    from
        users ue1_0 
    where
        ue1_0.phone=?
Hibernate: 
    update
        users 
    set
        created_at=?,
        email=?,
        full_name=?,
        is_leader=?,
        last_login_at=?,
        password_hash=?,
        phone=?,
        rescue_request_blocked=?,
        rescue_request_blocked_reason=?,
        role_id=?,
        status=?,
        team_id=?,
        updated_at=? 
    where
        id=?
Hibernate: 
    select
        re1_0.id,
        re1_0.code,
        re1_0.created_at,
        re1_0.name 
    from
        roles re1_0 
    where
        re1_0.id=?
Hibernate: 
    select
        ue1_0.id,
        ue1_0.created_at,
        ue1_0.email,
        ue1_0.full_name,
        ue1_0.is_leader,
        ue1_0.last_login_at,
        ue1_0.password_hash,
        ue1_0.phone,
        ue1_0.rescue_request_blocked,
        ue1_0.rescue_request_blocked_reason,
        ue1_0.role_id,
        r1_0.id,
        r1_0.code,
        r1_0.created_at,
        r1_0.name,
        ue1_0.status,
        ue1_0.team_id,
        ue1_0.updated_at 
    from
        users ue1_0 
    join
        roles r1_0 
            on r1_0.id=ue1_0.role_id 
    where
        ue1_0.id=?
Hibernate: 
    select
        ue1_0.id,
        ue1_0.created_at,
        ue1_0.email,
        ue1_0.full_name,
        ue1_0.is_leader,
        ue1_0.last_login_at,
        ue1_0.password_hash,
        ue1_0.phone,
        ue1_0.rescue_request_blocked,
        ue1_0.rescue_request_blocked_reason,
        ue1_0.role_id,
        ue1_0.status,
        ue1_0.team_id,
        ue1_0.updated_at 
    from
        users ue1_0 
    where
        ue1_0.id=?
Hibernate: 
    select
        rre1_0.id 
    from
        rescue_requests rre1_0 
    where
        rre1_0.code=? 
    limit
        ?
Hibernate: 
    insert 
    into
        rescue_requests
        (address_text, affected_people_count, citizen_id, code, coordinator_cancel_note, created_at, description, emergency_no, emergency_parent_request_id, is_emergency, latitude, location_description, location_verified, longitude, master_request_id, priority, rescue_result_confirmation_note, rescue_result_confirmation_status, rescue_result_confirmed_at, source_team_id, status, updated_at, waiting_for_team) 
    values
        (?, ?, ?, ?, ?, ?, ?, ?, ?, ?, ?, ?, ?, ?, ?, ?, ?, ?, ?, ?, ?, ?, ?)
Hibernate: 
    insert 
    into
        rescue_request_timeline
        (actor_id, created_at, event_type, from_status, note, rescue_request_id, to_status) 
    values
        (?, ?, ?, ?, ?, ?, ?)
Hibernate: 
    select
        ue1_0.id,
        ue1_0.created_at,
        ue1_0.email,
        ue1_0.full_name,
        ue1_0.is_leader,
        ue1_0.last_login_at,
        ue1_0.password_hash,
        ue1_0.phone,
        ue1_0.rescue_request_blocked,
        ue1_0.rescue_request_blocked_reason,
        ue1_0.role_id,
        r1_0.id,
        r1_0.code,
        r1_0.created_at,
        r1_0.name,
        ue1_0.status,
        ue1_0.team_id,
        ue1_0.updated_at 
    from
        users ue1_0 
    join
        roles r1_0 
            on r1_0.id=ue1_0.role_id 
    where
        r1_0.code=? 
    order by
        ue1_0.id
Hibernate: 
    select
        ne1_0.id,
        ne1_0.acknowledged_at,
        ne1_0.action_note,
        ne1_0.action_status,
        ne1_0.content,
        ne1_0.created_at,
        ne1_0.event_code,
        ne1_0.is_read,
        ne1_0.is_urgent,
        ne1_0.queue_request_id,
        ne1_0.reference_id,
        ne1_0.reference_type,
        ne1_0.source_team_id,
        ne1_0.title,
        ne1_0.user_id 
    from
        notifications ne1_0 
    join
        users u1_0 
            on u1_0.id=ne1_0.user_id 
    where
        u1_0.id=? 
        and ne1_0.event_code=? 
        and ne1_0.reference_type=? 
        and ne1_0.reference_id=? 
    order by
        ne1_0.id desc 
    limit
        ?
Hibernate: 
    insert 
    into
        notifications
        (acknowledged_at, action_note, action_status, content, created_at, event_code, is_read, is_urgent, queue_request_id, reference_id, reference_type, source_team_id, title, user_id) 
    values
        (?, ?, ?, ?, ?, ?, ?, ?, ?, ?, ?, ?, ?, ?)
Hibernate: 
    select
        ne1_0.id,
        ne1_0.acknowledged_at,
        ne1_0.action_note,
        ne1_0.action_status,
        ne1_0.content,
        ne1_0.created_at,
        ne1_0.event_code,
        ne1_0.is_read,
        ne1_0.is_urgent,
        ne1_0.queue_request_id,
        ne1_0.reference_id,
        ne1_0.reference_type,
        ne1_0.source_team_id,
        ne1_0.title,
        ne1_0.user_id 
    from
        notifications ne1_0 
    join
        users u1_0 
            on u1_0.id=ne1_0.user_id 
    where
        u1_0.id=? 
        and ne1_0.event_code=? 
        and ne1_0.reference_type=? 
        and ne1_0.reference_id=? 
    order by
        ne1_0.id desc 
    limit
        ?
Hibernate: 
    insert 
    into
        notifications
        (acknowledged_at, action_note, action_status, content, created_at, event_code, is_read, is_urgent, queue_request_id, reference_id, reference_type, source_team_id, title, user_id) 
    values
        (?, ?, ?, ?, ?, ?, ?, ?, ?, ?, ?, ?, ?, ?)
Hibernate: 
    select
        ne1_0.id,
        ne1_0.acknowledged_at,
        ne1_0.action_note,
        ne1_0.action_status,
        ne1_0.content,
        ne1_0.created_at,
        ne1_0.event_code,
        ne1_0.is_read,
        ne1_0.is_urgent,
        ne1_0.queue_request_id,
        ne1_0.reference_id,
        ne1_0.reference_type,
        ne1_0.source_team_id,
        ne1_0.title,
        ne1_0.user_id 
    from
        notifications ne1_0 
    join
        users u1_0 
            on u1_0.id=ne1_0.user_id 
    where
        u1_0.id=? 
        and ne1_0.event_code=? 
        and ne1_0.reference_type=? 
        and ne1_0.reference_id=? 
    order by
        ne1_0.id desc 
    limit
        ?
Hibernate: 
    insert 
    into
        notifications
        (acknowledged_at, action_note, action_status, content, created_at, event_code, is_read, is_urgent, queue_request_id, reference_id, reference_type, source_team_id, title, user_id) 
    values
        (?, ?, ?, ?, ?, ?, ?, ?, ?, ?, ?, ?, ?, ?)
Hibernate: 
    select
        ne1_0.id,
        ne1_0.acknowledged_at,
        ne1_0.action_note,
        ne1_0.action_status,
        ne1_0.content,
        ne1_0.created_at,
        ne1_0.event_code,
        ne1_0.is_read,
        ne1_0.is_urgent,
        ne1_0.queue_request_id,
        ne1_0.reference_id,
        ne1_0.reference_type,
        ne1_0.source_team_id,
        ne1_0.title,
        ne1_0.user_id 
    from
        notifications ne1_0 
    join
        users u1_0 
            on u1_0.id=ne1_0.user_id 
    where
        u1_0.id=? 
        and ne1_0.event_code=? 
        and ne1_0.reference_type=? 
        and ne1_0.reference_id=? 
    order by
        ne1_0.id desc 
    limit
        ?
Hibernate: 
    insert 
    into
        notifications
        (acknowledged_at, action_note, action_status, content, created_at, event_code, is_read, is_urgent, queue_request_id, reference_id, reference_type, source_team_id, title, user_id) 
    values
        (?, ?, ?, ?, ?, ?, ?, ?, ?, ?, ?, ?, ?, ?)
Hibernate: 
    select
        ne1_0.id,
        ne1_0.acknowledged_at,
        ne1_0.action_note,
        ne1_0.action_status,
        ne1_0.content,
        ne1_0.created_at,
        ne1_0.event_code,
        ne1_0.is_read,
        ne1_0.is_urgent,
        ne1_0.queue_request_id,
        ne1_0.reference_id,
        ne1_0.reference_type,
        ne1_0.source_team_id,
        ne1_0.title,
        ne1_0.user_id 
    from
        notifications ne1_0 
    join
        users u1_0 
            on u1_0.id=ne1_0.user_id 
    where
        u1_0.id=? 
        and ne1_0.event_code=? 
        and ne1_0.reference_type=? 
        and ne1_0.reference_id=? 
    order by
        ne1_0.id desc 
    limit
        ?
Hibernate: 
    insert 
    into
        notifications
        (acknowledged_at, action_note, action_status, content, created_at, event_code, is_read, is_urgent, queue_request_id, reference_id, reference_type, source_team_id, title, user_id) 
    values
        (?, ?, ?, ?, ?, ?, ?, ?, ?, ?, ?, ?, ?, ?)
^C