
  .   ____          _            __ _ _
 /\\ / ___'_ __ _ _(_)_ __  __ _ \ \ \ \
( ( )\___ | '_ | '_| | '_ \/ _` | \ \ \ \
 \\/  ___)| |_)| | | | | || (_| |  ) ) ) )
  '  |____| .__|_| |_|_| |_\__, | / / / /
 =========|_|==============|___/=/_/_/_/

 :: Spring Boot ::               (v3.5.10)

2026-03-23T14:08:53.690+07:00  INFO 15308 --- [           main] c.f.FloodRescueBackendApplication        : Starting FloodRescueBackendApplication v0.0.1-SNAPSHOT using Java 23.0.2 with PID 15308 (C:\Users\Asus\Documents\Playground\flood-rescue-backend-PRM\target\flood-rescue-backend-0.0.1-SNAPSHOT.jar started by Asus in C:\Users\Asus\Documents\Playground\flood-rescue-backend-PRM)
2026-03-23T14:08:53.693+07:00  INFO 15308 --- [           main] c.f.FloodRescueBackendApplication        : No active profile set, falling back to 1 default profile: "default"
2026-03-23T14:08:54.984+07:00  INFO 15308 --- [           main] .s.d.r.c.RepositoryConfigurationDelegate : Bootstrapping Spring Data JPA repositories in DEFAULT mode.
2026-03-23T14:08:55.136+07:00  INFO 15308 --- [           main] .s.d.r.c.RepositoryConfigurationDelegate : Finished Spring Data repository scanning in 139 ms. Found 23 JPA repository interfaces.
2026-03-23T14:08:55.985+07:00  INFO 15308 --- [           main] o.s.b.w.embedded.tomcat.TomcatWebServer  : Tomcat initialized with port 8080 (http)
2026-03-23T14:08:56.013+07:00  INFO 15308 --- [           main] o.apache.catalina.core.StandardService   : Starting service [Tomcat]
2026-03-23T14:08:56.015+07:00  INFO 15308 --- [           main] o.apache.catalina.core.StandardEngine    : Starting Servlet engine: [Apache Tomcat/10.1.50]
2026-03-23T14:08:56.054+07:00  INFO 15308 --- [           main] o.a.c.c.C.[Tomcat].[localhost].[/]       : Initializing Spring embedded WebApplicationContext
2026-03-23T14:08:56.056+07:00  INFO 15308 --- [           main] w.s.c.ServletWebServerApplicationContext : Root WebApplicationContext: initialization completed in 2272 ms
2026-03-23T14:08:57.086+07:00  INFO 15308 --- [           main] o.hibernate.jpa.internal.util.LogHelper  : HHH000204: Processing PersistenceUnitInfo [name: default]
2026-03-23T14:08:57.179+07:00  INFO 15308 --- [           main] org.hibernate.Version                    : HHH000412: Hibernate ORM core version 6.6.41.Final
2026-03-23T14:08:57.285+07:00  INFO 15308 --- [           main] o.h.c.internal.RegionFactoryInitiator    : HHH000026: Second-level cache disabled
2026-03-23T14:08:58.680+07:00  INFO 15308 --- [           main] o.s.o.j.p.SpringPersistenceUnitInfo      : No LoadTimeWeaver setup: ignoring JPA class transformer
2026-03-23T14:08:58.813+07:00  INFO 15308 --- [           main] com.zaxxer.hikari.HikariDataSource       : HikariPool-1 - Starting...
2026-03-23T14:08:59.537+07:00  INFO 15308 --- [           main] com.zaxxer.hikari.pool.HikariPool        : HikariPool-1 - Added connection com.mysql.cj.jdbc.ConnectionImpl@31f5b923
2026-03-23T14:08:59.542+07:00  INFO 15308 --- [           main] com.zaxxer.hikari.HikariDataSource       : HikariPool-1 - Start completed.
2026-03-23T14:08:59.722+07:00  WARN 15308 --- [           main] org.hibernate.orm.deprecation            : HHH90000025: MySQLDialect does not need to be specified explicitly using 'hibernate.dialect' (remove the property setting and it will be selected by default)
2026-03-23T14:08:59.829+07:00  INFO 15308 --- [           main] org.hibernate.orm.connections.pooling    : HHH10001005: Database info:
	Database JDBC URL [Connecting through datasource 'HikariDataSource (HikariPool-1)']
	Database driver: undefined/unknown
	Database version: 8.0.43
	Autocommit mode: undefined/unknown
	Isolation level: undefined/unknown
	Minimum pool size: undefined/unknown
	Maximum pool size: undefined/unknown
2026-03-23T14:09:02.975+07:00  WARN 15308 --- [           main] org.hibernate.mapping.RootClass          : HHH000038: Composite-id class does not override equals(): com.floodrescue.module.rescue.entity.TaskGroupRequestEntity$TaskGroupRequestId
2026-03-23T14:09:02.976+07:00  WARN 15308 --- [           main] org.hibernate.mapping.RootClass          : HHH000039: Composite-id class does not override hashCode(): com.floodrescue.module.rescue.entity.TaskGroupRequestEntity$TaskGroupRequestId
2026-03-23T14:09:07.418+07:00  INFO 15308 --- [           main] o.h.e.t.j.p.i.JtaPlatformInitiator       : HHH000489: No JTA platform available (set 'hibernate.transaction.jta.platform' to enable JTA platform integration)
2026-03-23T14:09:07.426+07:00  INFO 15308 --- [           main] j.LocalContainerEntityManagerFactoryBean : Initialized JPA EntityManagerFactory for persistence unit 'default'
2026-03-23T14:09:09.299+07:00  INFO 15308 --- [           main] o.s.d.j.r.query.QueryEnhancerFactory     : Hibernate is in classpath; If applicable, HQL parser will be used.
2026-03-23T14:09:20.340+07:00  WARN 15308 --- [           main] JpaBaseConfiguration$JpaWebConfiguration : spring.jpa.open-in-view is enabled by default. Therefore, database queries may be performed during view rendering. Explicitly configure spring.jpa.open-in-view to disable this warning
2026-03-23T14:09:20.520+07:00  INFO 15308 --- [           main] r$InitializeUserDetailsManagerConfigurer : Global AuthenticationManager configured with UserDetailsService bean with name customUserDetailsService
2026-03-23T14:09:23.757+07:00  INFO 15308 --- [           main] o.s.b.w.embedded.tomcat.TomcatWebServer  : Tomcat started on port 8080 (http) with context path '/'
2026-03-23T14:09:23.813+07:00  INFO 15308 --- [           main] c.f.FloodRescueBackendApplication        : Started FloodRescueBackendApplication in 30.669 seconds (process running for 31.351)
2026-03-23T14:09:24.285+07:00  INFO 15308 --- [           main] c.f.c.schema.SchemaCompatibilityRunner   : [SchemaCompatibility] Schema alignment completed
Hibernate: 
    select
        re1_0.id,
        re1_0.code,
        re1_0.created_at,
        re1_0.name 
    from
        roles re1_0 
    where
        re1_0.code=?
Hibernate: 
    select
        re1_0.id,
        re1_0.code,
        re1_0.created_at,
        re1_0.name 
    from
        roles re1_0 
    where
        re1_0.code=?
Hibernate: 
    select
        re1_0.id,
        re1_0.code,
        re1_0.created_at,
        re1_0.name 
    from
        roles re1_0 
    where
        re1_0.code=?
Hibernate: 
    select
        re1_0.id,
        re1_0.code,
        re1_0.created_at,
        re1_0.name 
    from
        roles re1_0 
    where
        re1_0.code=?
Hibernate: 
    select
        re1_0.id,
        re1_0.code,
        re1_0.created_at,
        re1_0.name 
    from
        roles re1_0 
    where
        re1_0.code=?
Hibernate: 
    select
        ue1_0.id 
    from
        users ue1_0 
    where
        ue1_0.email=? 
    limit
        ?
Hibernate: 
    select
        ue1_0.id 
    from
        users ue1_0 
    where
        ue1_0.email=? 
    limit
        ?
Hibernate: 
    select
        ue1_0.id 
    from
        users ue1_0 
    where
        ue1_0.email=? 
    limit
        ?
Hibernate: 
    select
        re1_0.id,
        re1_0.code,
        re1_0.created_at,
        re1_0.name 
    from
        roles re1_0 
    where
        re1_0.code=?
Hibernate: 
    select
        te1_0.id,
        te1_0.code,
        te1_0.created_at,
        te1_0.current_latitude,
        te1_0.current_location_text,
        te1_0.current_location_updated_at,
        te1_0.current_longitude,
        te1_0.description,
        te1_0.name,
        te1_0.status,
        te1_0.team_type,
        te1_0.updated_at 
    from
        teams te1_0 
    where
        te1_0.name=?
Hibernate: 
    select
        te1_0.id,
        te1_0.code,
        te1_0.created_at,
        te1_0.current_latitude,
        te1_0.current_location_text,
        te1_0.current_location_updated_at,
        te1_0.current_longitude,
        te1_0.description,
        te1_0.name,
        te1_0.status,
        te1_0.team_type,
        te1_0.updated_at 
    from
        teams te1_0 
    where
        te1_0.name=?
Hibernate: 
    select
        ue1_0.id 
    from
        users ue1_0 
    where
        ue1_0.phone=? 
    limit
        ?
Hibernate: 
    select
        ue1_0.id 
    from
        users ue1_0 
    where
        ue1_0.phone=? 
    limit
        ?
